<?xml version="1.0" encoding="UTF-8"?>
<!-- Generated by org.testng.reporters.JUnitXMLReporter -->
<testsuite hostname="DESKTOP-HABSOIO" name="Default test(failed)" tests="6" failures="1" timestamp="10 Sep 2020 06:01:11 GMT" time="36.421" errors="0">
  <testcase name="register" time="6.166" classname="amazon.TestAutomation.AppTest">
    <failure type="java.lang.AssertionError" message="expected:&amp;lt;Authentication required&amp;gt; but was:&amp;lt;Amazon Sign-In&amp;gt;">
      <![CDATA[java.lang.AssertionError: expected:<Authentication required> but was:<Amazon Sign-In>
	at amazon.TestAutomation.AppTest.register(AppTest.java:103)
... Removed 26 stack frames]]>
    </failure>
  </testcase> <!-- register -->
  <testcase name="search" time="0.0" classname="amazon.TestAutomation.AppTest">
    <skipped/>
  </testcase> <!-- search -->
  <testcase name="address" time="0.0" classname="amazon.TestAutomation.AppTest">
    <skipped/>
  </testcase> <!-- address -->
  <testcase name="logOut" time="0.0" classname="amazon.TestAutomation.AppTest">
    <skipped/>
  </testcase> <!-- logOut -->
  <testcase name="login" time="0.0" classname="amazon.TestAutomation.AppTest">
    <skipped/>
  </testcase> <!-- login -->
  <testcase name="verifyAddress" time="0.0" classname="amazon.TestAutomation.AppTest">
    <skipped/>
  </testcase> <!-- verifyAddress -->
</testsuite> <!-- Default test(failed) -->
